<?xml version="1.0" encoding="UTF-8"?>
<!-- Generated by org.testng.reporters.JUnitReportReporter -->
<testsuite skipped="0" hostname="DESKTOP-C16351B" name="api.StarshipTests" tests="1" failures="0" timestamp="02 июн 2022 16:43:06 GMT" time="7.220" errors="0">
  <testcase name="starship" time="7.220" classname="api.StarshipTests"/>
</testsuite> <!-- api.StarshipTests -->
